build/app/intermediates/manifest_merge_blame_file/debug/manifest-merger-blame-debug-report.txt
1<?xml version="1.0" encoding="utf-8"?>
2<manifest xmlns:android="http://schemas.android.com/apk/res/android"
3    package="com.example.mlkitextrecognition"
4    android:versionCode="1"
5    android:versionName="1.0.0" >
6
7    <uses-sdk
8        android:minSdkVersion="16"
9        android:targetSdkVersion="28" />
10    <!--
11         Flutter needs it to communicate with the running application
12         to allow setting breakpoints, to provide hot reload, etc.
13    -->
14    <uses-permission android:name="android.permission.INTERNET" />
14-->src/debug/AndroidManifest.xml:6:5-66
14-->src/debug/AndroidManifest.xml:6:22-64
15    <uses-permission android:name="android.permission.READ_EXTERNAL_STORAGE" />
15-->[:image_picker] AndroidManifest.xml:7:5-80
15-->[:image_picker] AndroidManifest.xml:7:22-77
16    <uses-permission android:name="android.permission.WRITE_EXTERNAL_STORAGE" />
16-->[:image_picker] AndroidManifest.xml:8:5-81
16-->[:image_picker] AndroidManifest.xml:8:22-78
17    <uses-permission android:name="android.permission.ACCESS_NETWORK_STATE" />
17-->[com.google.android.gms:play-services-measurement:17.5.0] AndroidManifest.xml:24:5-79
17-->[com.google.android.gms:play-services-measurement:17.5.0] AndroidManifest.xml:24:22-76
18    <uses-permission android:name="android.permission.WAKE_LOCK" />
18-->[com.google.android.gms:play-services-measurement:17.5.0] AndroidManifest.xml:25:5-68
18-->[com.google.android.gms:play-services-measurement:17.5.0] AndroidManifest.xml:25:22-65
19    <uses-permission android:name="com.google.android.finsky.permission.BIND_GET_INSTALL_REFERRER_SERVICE" /> <!-- Required by older versions of Google Play services to create IID tokens -->
19-->[com.google.android.gms:play-services-measurement:17.5.0] AndroidManifest.xml:26:5-110
19-->[com.google.android.gms:play-services-measurement:17.5.0] AndroidManifest.xml:26:22-107
20    <uses-permission android:name="com.google.android.c2dm.permission.RECEIVE" />
20-->[com.google.firebase:firebase-iid:18.0.0] AndroidManifest.xml:26:5-82
20-->[com.google.firebase:firebase-iid:18.0.0] AndroidManifest.xml:26:22-79
21    <!--
22 io.flutter.app.FlutterApplication is an android.app.Application that
23         calls FlutterMain.startInitialization(this); in its onCreate method.
24         In most cases you can leave this as-is, but you if you want to provide
25         additional functionality it is fine to subclass or reimplement
26         FlutterApplication and put your custom class here.
27    -->
28    <application
28-->src/main/AndroidManifest.xml:8:5-46:19
29        android:name="io.flutter.app.FlutterApplication"
29-->src/main/AndroidManifest.xml:9:9-57
30        android:appComponentFactory="androidx.core.app.CoreComponentFactory"
30-->[androidx.core:core:1.1.0] AndroidManifest.xml:24:18-86
31        android:debuggable="true"
32        android:icon="@mipmap/ic_launcher"
32-->src/main/AndroidManifest.xml:11:9-43
33        android:label="mlkitextrecognition" >
33-->src/main/AndroidManifest.xml:10:9-44
34        <activity
34-->src/main/AndroidManifest.xml:12:9-40:20
35            android:name="com.example.mlkitextrecognition.MainActivity"
35-->src/main/AndroidManifest.xml:13:13-41
36            android:configChanges="orientation|keyboardHidden|keyboard|screenSize|smallestScreenSize|locale|layoutDirection|fontScale|screenLayout|density|uiMode"
36-->src/main/AndroidManifest.xml:16:13-163
37            android:hardwareAccelerated="true"
37-->src/main/AndroidManifest.xml:17:13-47
38            android:launchMode="singleTop"
38-->src/main/AndroidManifest.xml:14:13-43
39            android:theme="@style/LaunchTheme"
39-->src/main/AndroidManifest.xml:15:13-47
40            android:windowSoftInputMode="adjustResize" >
40-->src/main/AndroidManifest.xml:18:13-55
41
42            <!--
43                 Specifies an Android theme to apply to this Activity as soon as
44                 the Android process has started. This theme is visible to the user
45                 while the Flutter UI initializes. After that, this theme continues
46                 to determine the Window background behind the Flutter UI.
47            -->
48            <meta-data
48-->src/main/AndroidManifest.xml:23:13-26:17
49                android:name="io.flutter.embedding.android.NormalTheme"
49-->src/main/AndroidManifest.xml:24:15-70
50                android:resource="@style/NormalTheme" />
50-->src/main/AndroidManifest.xml:25:15-52
51            <!--
52                 Displays an Android View that continues showing the launch screen
53                 Drawable until Flutter paints its first frame, then this splash
54                 screen fades out. A splash screen is useful to avoid any visual
55                 gap between the end of Android's launch screen and the painting of
56                 Flutter's first frame.
57            -->
58            <meta-data
58-->src/main/AndroidManifest.xml:32:13-35:17
59                android:name="io.flutter.embedding.android.SplashScreenDrawable"
59-->src/main/AndroidManifest.xml:33:15-79
60                android:resource="@drawable/launch_background" />
60-->src/main/AndroidManifest.xml:34:15-61
61
62            <intent-filter>
62-->src/main/AndroidManifest.xml:36:13-39:29
63                <action android:name="android.intent.action.MAIN" />
63-->src/main/AndroidManifest.xml:37:17-68
63-->src/main/AndroidManifest.xml:37:25-66
64
65                <category android:name="android.intent.category.LAUNCHER" />
65-->src/main/AndroidManifest.xml:38:17-76
65-->src/main/AndroidManifest.xml:38:27-74
66            </intent-filter>
67        </activity>
68        <!--
69             Don't delete the meta-data below.
70             This is used by the Flutter tool to generate GeneratedPluginRegistrant.java
71        -->
72        <meta-data
72-->src/main/AndroidManifest.xml:43:9-45:33
73            android:name="flutterEmbedding"
73-->src/main/AndroidManifest.xml:44:13-44
74            android:value="2" />
74-->src/main/AndroidManifest.xml:45:13-30
75
76        <service
76-->[:firebase_ml_vision] AndroidManifest.xml:8:9-12:19
77            android:name="com.google.firebase.components.ComponentDiscoveryService"
77-->[:firebase_ml_vision] AndroidManifest.xml:8:18-89
78            android:directBootAware="true"
78-->[com.google.firebase:firebase-common:19.3.0] AndroidManifest.xml:34:13-43
79            android:exported="false" >
79-->[com.google.android.gms:play-services-measurement-api:17.5.0] AndroidManifest.xml:29:13-37
80            <meta-data
80-->[:firebase_ml_vision] AndroidManifest.xml:9:13-11:85
81                android:name="com.google.firebase.components:io.flutter.plugins.firebasemlvision.FlutterFirebaseAppRegistrar"
81-->[:firebase_ml_vision] AndroidManifest.xml:10:17-126
82                android:value="com.google.firebase.components.ComponentRegistrar" />
82-->[:firebase_ml_vision] AndroidManifest.xml:11:17-82
83            <meta-data
83-->[com.google.android.gms:play-services-measurement-api:17.5.0] AndroidManifest.xml:30:13-32:85
84                android:name="com.google.firebase.components:com.google.firebase.analytics.connector.internal.AnalyticsConnectorRegistrar"
84-->[com.google.android.gms:play-services-measurement-api:17.5.0] AndroidManifest.xml:31:17-139
85                android:value="com.google.firebase.components.ComponentRegistrar" />
85-->[com.google.android.gms:play-services-measurement-api:17.5.0] AndroidManifest.xml:32:17-82
86            <meta-data
86-->[com.google.firebase:firebase-iid:18.0.0] AndroidManifest.xml:32:13-34:85
87                android:name="com.google.firebase.components:com.google.firebase.iid.Registrar"
87-->[com.google.firebase:firebase-iid:18.0.0] AndroidManifest.xml:33:17-96
88                android:value="com.google.firebase.components.ComponentRegistrar" />
88-->[com.google.firebase:firebase-iid:18.0.0] AndroidManifest.xml:34:17-82
89            <meta-data
89-->[com.google.firebase:firebase-installations:16.3.2] AndroidManifest.xml:17:13-19:85
90                android:name="com.google.firebase.components:com.google.firebase.installations.FirebaseInstallationsRegistrar"
90-->[com.google.firebase:firebase-installations:16.3.2] AndroidManifest.xml:18:17-127
91                android:value="com.google.firebase.components.ComponentRegistrar" />
91-->[com.google.firebase:firebase-installations:16.3.2] AndroidManifest.xml:19:17-82
92        </service>
93
94        <provider
94-->[:image_picker] AndroidManifest.xml:11:9-19:20
95            android:name="io.flutter.plugins.imagepicker.ImagePickerFileProvider"
95-->[:image_picker] AndroidManifest.xml:12:13-82
96            android:authorities="com.example.mlkitextrecognition.flutter.image_provider"
96-->[:image_picker] AndroidManifest.xml:13:13-74
97            android:exported="false"
97-->[:image_picker] AndroidManifest.xml:14:13-37
98            android:grantUriPermissions="true" >
98-->[:image_picker] AndroidManifest.xml:15:13-47
99            <meta-data
99-->[:image_picker] AndroidManifest.xml:16:13-18:75
100                android:name="android.support.FILE_PROVIDER_PATHS"
100-->[:image_picker] AndroidManifest.xml:17:17-67
101                android:resource="@xml/flutter_image_picker_file_paths" />
101-->[:image_picker] AndroidManifest.xml:18:17-72
102        </provider>
103
104        <receiver
104-->[com.google.android.gms:play-services-measurement:17.5.0] AndroidManifest.xml:29:9-33:20
105            android:name="com.google.android.gms.measurement.AppMeasurementReceiver"
105-->[com.google.android.gms:play-services-measurement:17.5.0] AndroidManifest.xml:30:13-85
106            android:enabled="true"
106-->[com.google.android.gms:play-services-measurement:17.5.0] AndroidManifest.xml:31:13-35
107            android:exported="false" >
107-->[com.google.android.gms:play-services-measurement:17.5.0] AndroidManifest.xml:32:13-37
108        </receiver>
109
110        <service
110-->[com.google.android.gms:play-services-measurement:17.5.0] AndroidManifest.xml:35:9-38:40
111            android:name="com.google.android.gms.measurement.AppMeasurementService"
111-->[com.google.android.gms:play-services-measurement:17.5.0] AndroidManifest.xml:36:13-84
112            android:enabled="true"
112-->[com.google.android.gms:play-services-measurement:17.5.0] AndroidManifest.xml:37:13-35
113            android:exported="false" />
113-->[com.google.android.gms:play-services-measurement:17.5.0] AndroidManifest.xml:38:13-37
114        <service
114-->[com.google.android.gms:play-services-measurement:17.5.0] AndroidManifest.xml:39:9-43:72
115            android:name="com.google.android.gms.measurement.AppMeasurementJobService"
115-->[com.google.android.gms:play-services-measurement:17.5.0] AndroidManifest.xml:40:13-87
116            android:enabled="true"
116-->[com.google.android.gms:play-services-measurement:17.5.0] AndroidManifest.xml:41:13-35
117            android:exported="false"
117-->[com.google.android.gms:play-services-measurement:17.5.0] AndroidManifest.xml:42:13-37
118            android:permission="android.permission.BIND_JOB_SERVICE" />
118-->[com.google.android.gms:play-services-measurement:17.5.0] AndroidManifest.xml:43:13-69
119
120        <receiver
120-->[com.google.firebase:firebase-iid:18.0.0] AndroidManifest.xml:37:9-44:20
121            android:name="com.google.firebase.iid.FirebaseInstanceIdReceiver"
121-->[com.google.firebase:firebase-iid:18.0.0] AndroidManifest.xml:38:13-78
122            android:exported="true"
122-->[com.google.firebase:firebase-iid:18.0.0] AndroidManifest.xml:39:13-36
123            android:permission="com.google.android.c2dm.permission.SEND" >
123-->[com.google.firebase:firebase-iid:18.0.0] AndroidManifest.xml:40:13-73
124            <intent-filter>
124-->[com.google.firebase:firebase-iid:18.0.0] AndroidManifest.xml:41:13-43:29
125                <action android:name="com.google.android.c2dm.intent.RECEIVE" />
125-->[com.google.firebase:firebase-iid:18.0.0] AndroidManifest.xml:42:17-81
125-->[com.google.firebase:firebase-iid:18.0.0] AndroidManifest.xml:42:25-78
126            </intent-filter>
127        </receiver>
128
129        <provider
129-->[com.google.firebase:firebase-common:19.3.0] AndroidManifest.xml:26:9-30:39
130            android:name="com.google.firebase.provider.FirebaseInitProvider"
130-->[com.google.firebase:firebase-common:19.3.0] AndroidManifest.xml:27:13-77
131            android:authorities="com.example.mlkitextrecognition.firebaseinitprovider"
131-->[com.google.firebase:firebase-common:19.3.0] AndroidManifest.xml:28:13-72
132            android:exported="false"
132-->[com.google.firebase:firebase-common:19.3.0] AndroidManifest.xml:29:13-37
133            android:initOrder="100" />
133-->[com.google.firebase:firebase-common:19.3.0] AndroidManifest.xml:30:13-36
134
135        <activity
135-->[com.google.android.gms:play-services-base:16.0.1] AndroidManifest.xml:23:9-26:75
136            android:name="com.google.android.gms.common.api.GoogleApiActivity"
136-->[com.google.android.gms:play-services-base:16.0.1] AndroidManifest.xml:24:13-79
137            android:exported="false"
137-->[com.google.android.gms:play-services-base:16.0.1] AndroidManifest.xml:25:13-37
138            android:theme="@android:style/Theme.Translucent.NoTitleBar" />
138-->[com.google.android.gms:play-services-base:16.0.1] AndroidManifest.xml:26:13-72
139
140        <meta-data
140-->[com.google.android.gms:play-services-basement:17.0.0] AndroidManifest.xml:23:9-25:69
141            android:name="com.google.android.gms.version"
141-->[com.google.android.gms:play-services-basement:17.0.0] AndroidManifest.xml:24:13-58
142            android:value="@integer/google_play_services_version" />
142-->[com.google.android.gms:play-services-basement:17.0.0] AndroidManifest.xml:25:13-66
143    </application>
144
145</manifest>